<html>
<head>
<title>TestNG:  testng</title>
<link href="../testng.css" rel="stylesheet" type="text/css" />
<link href="../my-testng.css" rel="stylesheet" type="text/css" />

<style type="text/css">
.log { display: none;} 
.stack-trace { display: none;} 
</style>
<script type="text/javascript">
<!--
function flip(e) {
  current = e.style.display;
  if (current == 'block') {
    e.style.display = 'none';
    return 0;
  }
  else {
    e.style.display = 'block';
    return 1;
  }
}

function toggleBox(szDivId, elem, msg1, msg2)
{
  var res = -1;  if (document.getElementById) {
    res = flip(document.getElementById(szDivId));
  }
  else if (document.all) {
    // this is the way old msie versions work
    res = flip(document.all[szDivId]);
  }
  if(elem) {
    if(res == 0) elem.innerHTML = msg1; else elem.innerHTML = msg2;
  }

}

function toggleAllBoxes() {
  if (document.getElementsByTagName) {
    d = document.getElementsByTagName('div');
    for (i = 0; i < d.length; i++) {
      if (d[i].className == 'log') {
        flip(d[i]);
      }
    }
  }
}

// -->
</script>

</head>
<body>
<h2 align='center'>testng</h2><table border='1' align="center">
<tr>
<td>Tests passed/Failed/Skipped:</td><td>8/8/0</td>
</tr><tr>
<td>Started on:</td><td>Thu Jul 14 16:26:55 CDT 2022</td>
</tr>
<tr><td>Total time:</td><td>228 seconds (228925 ms)</td>
</tr><tr>
<td>Included groups:</td><td></td>
</tr><tr>
<td>Excluded groups:</td><td></td>
</tr>
</table><p/>
<small><i>(Hover the method name to see the test class name)</i></small><p/>
<table width='100%' border='1' class='invocation-failed'>
<tr><td colspan='4' align='center'><b>FAILED TESTS</b></td></tr>
<tr><td><b>Test method</b></td>
<td width="30%"><b>Exception</b></td>
<td width="10%"><b>Time (seconds)</b></td>
<td><b>Instance</b></td>
</tr>
<tr>
<td title='com.kroger.assortment.api.assortmentmgmtcore.GetAssortmentItemsPageable.validateGetAmtItems_pageOffset_TC003()'><b>validateGetAmtItems_pageOffset_TC003</b><br>Test class: com.kroger.assortment.api.assortmentmgmtcore.GetAssortmentItemsPageable<br>Parameters: {Test Case=GetAssormentItems filter by pageable=true and page.offset= 5, paramPageSize=10, S.No=1, ExecutionFlag=Y, filterParam=5, StatusCode=200}</td>
<td><div><pre>java.lang.AssertionError:  [Error] Assortment Items according to offset 5 and page.size 10 were NOT correctly fetched expected [true] but found [false]
	at com.kroger.assortment.api.assortmentmgmtcore.GetAssortmentItemsPageable.validateGetAmtItems_pageOffset_TC003(GetAssortmentItemsPageable.java:158)
... Removed 30 stack frames</pre></div><a href='#' onClick='toggleBox("stack-trace447477005", this, "Click to show all stack frames", "Click to hide stack frames")'>Click to show all stack frames</a>
<div class='stack-trace' id='stack-trace447477005'><pre>java.lang.AssertionError:  [Error] Assortment Items according to offset 5 and page.size 10 were NOT correctly fetched expected [true] but found [false]
	at org.testng.Assert.fail(Assert.java:96)
	at org.testng.Assert.failNotEquals(Assert.java:776)
	at org.testng.Assert.assertTrue(Assert.java:44)
	at com.kroger.assortment.api.assortmentmgmtcore.GetAssortmentItemsPageable.validateGetAmtItems_pageOffset_TC003(GetAssortmentItemsPageable.java:158)
	at java.base/jdk.internal.reflect.DirectMethodHandleAccessor.invoke(DirectMethodHandleAccessor.java:104)
	at java.base/java.lang.reflect.Method.invoke(Method.java:577)
	at org.testng.internal.MethodInvocationHelper.invokeMethod(MethodInvocationHelper.java:124)
	at org.testng.internal.Invoker.invokeMethod(Invoker.java:580)
	at org.testng.internal.Invoker.invokeTestMethod(Invoker.java:716)
	at org.testng.internal.Invoker.invokeTestMethods(Invoker.java:988)
	at org.testng.internal.TestMethodWorker.invokeTestMethods(TestMethodWorker.java:125)
	at org.testng.internal.TestMethodWorker.run(TestMethodWorker.java:109)
	at org.testng.TestRunner.privateRun(TestRunner.java:648)
	at org.testng.TestRunner.run(TestRunner.java:505)
	at org.testng.SuiteRunner.runTest(SuiteRunner.java:455)
	at org.testng.SuiteRunner.runSequentially(SuiteRunner.java:450)
	at org.testng.SuiteRunner.privateRun(SuiteRunner.java:415)
	at org.testng.SuiteRunner.run(SuiteRunner.java:364)
	at org.testng.SuiteRunnerWorker.runSuite(SuiteRunnerWorker.java:52)
	at org.testng.SuiteRunnerWorker.run(SuiteRunnerWorker.java:84)
	at org.testng.TestNG.runSuitesSequentially(TestNG.java:1208)
	at org.testng.TestNG.runSuitesLocally(TestNG.java:1137)
	at org.testng.TestNG.runSuites(TestNG.java:1049)
	at org.testng.TestNG.run(TestNG.java:1017)
	at org.apache.maven.surefire.testng.TestNGExecutor.run(TestNGExecutor.java:284)
	at org.apache.maven.surefire.testng.TestNGXmlTestSuite.execute(TestNGXmlTestSuite.java:75)
	at org.apache.maven.surefire.testng.TestNGProvider.invoke(TestNGProvider.java:119)
	at org.apache.maven.surefire.booter.ForkedBooter.runSuitesInProcess(ForkedBooter.java:428)
	at org.apache.maven.surefire.booter.ForkedBooter.execute(ForkedBooter.java:162)
	at org.apache.maven.surefire.booter.ForkedBooter.run(ForkedBooter.java:562)
	at org.apache.maven.surefire.booter.ForkedBooter.main(ForkedBooter.java:548)
</pre></div></td>
<td>4</td>
<td>com.kroger.assortment.api.assortmentmgmtcore.GetAssortmentItemsPageable@2ddc8ecb</td></tr>
<tr>
<td title='com.kroger.assortment.api.assortmentmgmtcore.GetAssortmentItemsPageable.validateGetAmtItems_pageOffset_TC003()'><b>validateGetAmtItems_pageOffset_TC003</b><br>Test class: com.kroger.assortment.api.assortmentmgmtcore.GetAssortmentItemsPageable<br>Parameters: {Test Case=GetAssormentItems filter by pageable=true and page.offset= 6, paramPageSize=20, S.No=2, ExecutionFlag=Y, filterParam=6, StatusCode=200}</td>
<td><div><pre>java.lang.AssertionError:  [Error] Assortment Items according to offset 6 and page.size 20 were NOT correctly fetched expected [true] but found [false]
	at com.kroger.assortment.api.assortmentmgmtcore.GetAssortmentItemsPageable.validateGetAmtItems_pageOffset_TC003(GetAssortmentItemsPageable.java:158)
... Removed 30 stack frames</pre></div><a href='#' onClick='toggleBox("stack-trace142941409", this, "Click to show all stack frames", "Click to hide stack frames")'>Click to show all stack frames</a>
<div class='stack-trace' id='stack-trace142941409'><pre>java.lang.AssertionError:  [Error] Assortment Items according to offset 6 and page.size 20 were NOT correctly fetched expected [true] but found [false]
	at org.testng.Assert.fail(Assert.java:96)
	at org.testng.Assert.failNotEquals(Assert.java:776)
	at org.testng.Assert.assertTrue(Assert.java:44)
	at com.kroger.assortment.api.assortmentmgmtcore.GetAssortmentItemsPageable.validateGetAmtItems_pageOffset_TC003(GetAssortmentItemsPageable.java:158)
	at java.base/jdk.internal.reflect.DirectMethodHandleAccessor.invoke(DirectMethodHandleAccessor.java:104)
	at java.base/java.lang.reflect.Method.invoke(Method.java:577)
	at org.testng.internal.MethodInvocationHelper.invokeMethod(MethodInvocationHelper.java:124)
	at org.testng.internal.Invoker.invokeMethod(Invoker.java:580)
	at org.testng.internal.Invoker.invokeTestMethod(Invoker.java:716)
	at org.testng.internal.Invoker.invokeTestMethods(Invoker.java:988)
	at org.testng.internal.TestMethodWorker.invokeTestMethods(TestMethodWorker.java:125)
	at org.testng.internal.TestMethodWorker.run(TestMethodWorker.java:109)
	at org.testng.TestRunner.privateRun(TestRunner.java:648)
	at org.testng.TestRunner.run(TestRunner.java:505)
	at org.testng.SuiteRunner.runTest(SuiteRunner.java:455)
	at org.testng.SuiteRunner.runSequentially(SuiteRunner.java:450)
	at org.testng.SuiteRunner.privateRun(SuiteRunner.java:415)
	at org.testng.SuiteRunner.run(SuiteRunner.java:364)
	at org.testng.SuiteRunnerWorker.runSuite(SuiteRunnerWorker.java:52)
	at org.testng.SuiteRunnerWorker.run(SuiteRunnerWorker.java:84)
	at org.testng.TestNG.runSuitesSequentially(TestNG.java:1208)
	at org.testng.TestNG.runSuitesLocally(TestNG.java:1137)
	at org.testng.TestNG.runSuites(TestNG.java:1049)
	at org.testng.TestNG.run(TestNG.java:1017)
	at org.apache.maven.surefire.testng.TestNGExecutor.run(TestNGExecutor.java:284)
	at org.apache.maven.surefire.testng.TestNGXmlTestSuite.execute(TestNGXmlTestSuite.java:75)
	at org.apache.maven.surefire.testng.TestNGProvider.invoke(TestNGProvider.java:119)
	at org.apache.maven.surefire.booter.ForkedBooter.runSuitesInProcess(ForkedBooter.java:428)
	at org.apache.maven.surefire.booter.ForkedBooter.execute(ForkedBooter.java:162)
	at org.apache.maven.surefire.booter.ForkedBooter.run(ForkedBooter.java:562)
	at org.apache.maven.surefire.booter.ForkedBooter.main(ForkedBooter.java:548)
</pre></div></td>
<td>4</td>
<td>com.kroger.assortment.api.assortmentmgmtcore.GetAssortmentItemsPageable@2ddc8ecb</td></tr>
<tr>
<td title='com.kroger.assortment.api.assortmentmgmtcore.GetAssortmentItemsPageable.validateGetAmtItems_pageOffset_TC003()'><b>validateGetAmtItems_pageOffset_TC003</b><br>Test class: com.kroger.assortment.api.assortmentmgmtcore.GetAssortmentItemsPageable<br>Parameters: {Test Case=GetAssormentItems filter by pageable=true and page.offset= 35, paramPageSize=30, S.No=3, ExecutionFlag=Y, filterParam=35, StatusCode=200}</td>
<td><div><pre>java.lang.AssertionError:  [Error] Assortment Items according to offset 35 and page.size 30 were NOT correctly fetched expected [true] but found [false]
	at com.kroger.assortment.api.assortmentmgmtcore.GetAssortmentItemsPageable.validateGetAmtItems_pageOffset_TC003(GetAssortmentItemsPageable.java:158)
... Removed 30 stack frames</pre></div><a href='#' onClick='toggleBox("stack-trace1032867484", this, "Click to show all stack frames", "Click to hide stack frames")'>Click to show all stack frames</a>
<div class='stack-trace' id='stack-trace1032867484'><pre>java.lang.AssertionError:  [Error] Assortment Items according to offset 35 and page.size 30 were NOT correctly fetched expected [true] but found [false]
	at org.testng.Assert.fail(Assert.java:96)
	at org.testng.Assert.failNotEquals(Assert.java:776)
	at org.testng.Assert.assertTrue(Assert.java:44)
	at com.kroger.assortment.api.assortmentmgmtcore.GetAssortmentItemsPageable.validateGetAmtItems_pageOffset_TC003(GetAssortmentItemsPageable.java:158)
	at java.base/jdk.internal.reflect.DirectMethodHandleAccessor.invoke(DirectMethodHandleAccessor.java:104)
	at java.base/java.lang.reflect.Method.invoke(Method.java:577)
	at org.testng.internal.MethodInvocationHelper.invokeMethod(MethodInvocationHelper.java:124)
	at org.testng.internal.Invoker.invokeMethod(Invoker.java:580)
	at org.testng.internal.Invoker.invokeTestMethod(Invoker.java:716)
	at org.testng.internal.Invoker.invokeTestMethods(Invoker.java:988)
	at org.testng.internal.TestMethodWorker.invokeTestMethods(TestMethodWorker.java:125)
	at org.testng.internal.TestMethodWorker.run(TestMethodWorker.java:109)
	at org.testng.TestRunner.privateRun(TestRunner.java:648)
	at org.testng.TestRunner.run(TestRunner.java:505)
	at org.testng.SuiteRunner.runTest(SuiteRunner.java:455)
	at org.testng.SuiteRunner.runSequentially(SuiteRunner.java:450)
	at org.testng.SuiteRunner.privateRun(SuiteRunner.java:415)
	at org.testng.SuiteRunner.run(SuiteRunner.java:364)
	at org.testng.SuiteRunnerWorker.runSuite(SuiteRunnerWorker.java:52)
	at org.testng.SuiteRunnerWorker.run(SuiteRunnerWorker.java:84)
	at org.testng.TestNG.runSuitesSequentially(TestNG.java:1208)
	at org.testng.TestNG.runSuitesLocally(TestNG.java:1137)
	at org.testng.TestNG.runSuites(TestNG.java:1049)
	at org.testng.TestNG.run(TestNG.java:1017)
	at org.apache.maven.surefire.testng.TestNGExecutor.run(TestNGExecutor.java:284)
	at org.apache.maven.surefire.testng.TestNGXmlTestSuite.execute(TestNGXmlTestSuite.java:75)
	at org.apache.maven.surefire.testng.TestNGProvider.invoke(TestNGProvider.java:119)
	at org.apache.maven.surefire.booter.ForkedBooter.runSuitesInProcess(ForkedBooter.java:428)
	at org.apache.maven.surefire.booter.ForkedBooter.execute(ForkedBooter.java:162)
	at org.apache.maven.surefire.booter.ForkedBooter.run(ForkedBooter.java:562)
	at org.apache.maven.surefire.booter.ForkedBooter.main(ForkedBooter.java:548)
</pre></div></td>
<td>4</td>
<td>com.kroger.assortment.api.assortmentmgmtcore.GetAssortmentItemsPageable@2ddc8ecb</td></tr>
<tr>
<td title='com.kroger.assortment.api.assortmentmgmtcore.GetAssortmentItemsPageable.validateGetAmtItems_pageOffset_TC003()'><b>validateGetAmtItems_pageOffset_TC003</b><br>Test class: com.kroger.assortment.api.assortmentmgmtcore.GetAssortmentItemsPageable<br>Parameters: {Test Case=GetAssormentItems filter by pageable=true and page.offset= 72, paramPageSize=40, S.No=4, ExecutionFlag=Y, filterParam=72, StatusCode=200}</td>
<td><div><pre>java.lang.AssertionError:  [Error] Assortment Items according to offset 72 and page.size 40 were NOT correctly fetched expected [true] but found [false]
	at com.kroger.assortment.api.assortmentmgmtcore.GetAssortmentItemsPageable.validateGetAmtItems_pageOffset_TC003(GetAssortmentItemsPageable.java:158)
... Removed 30 stack frames</pre></div><a href='#' onClick='toggleBox("stack-trace219192399", this, "Click to show all stack frames", "Click to hide stack frames")'>Click to show all stack frames</a>
<div class='stack-trace' id='stack-trace219192399'><pre>java.lang.AssertionError:  [Error] Assortment Items according to offset 72 and page.size 40 were NOT correctly fetched expected [true] but found [false]
	at org.testng.Assert.fail(Assert.java:96)
	at org.testng.Assert.failNotEquals(Assert.java:776)
	at org.testng.Assert.assertTrue(Assert.java:44)
	at com.kroger.assortment.api.assortmentmgmtcore.GetAssortmentItemsPageable.validateGetAmtItems_pageOffset_TC003(GetAssortmentItemsPageable.java:158)
	at java.base/jdk.internal.reflect.DirectMethodHandleAccessor.invoke(DirectMethodHandleAccessor.java:104)
	at java.base/java.lang.reflect.Method.invoke(Method.java:577)
	at org.testng.internal.MethodInvocationHelper.invokeMethod(MethodInvocationHelper.java:124)
	at org.testng.internal.Invoker.invokeMethod(Invoker.java:580)
	at org.testng.internal.Invoker.invokeTestMethod(Invoker.java:716)
	at org.testng.internal.Invoker.invokeTestMethods(Invoker.java:988)
	at org.testng.internal.TestMethodWorker.invokeTestMethods(TestMethodWorker.java:125)
	at org.testng.internal.TestMethodWorker.run(TestMethodWorker.java:109)
	at org.testng.TestRunner.privateRun(TestRunner.java:648)
	at org.testng.TestRunner.run(TestRunner.java:505)
	at org.testng.SuiteRunner.runTest(SuiteRunner.java:455)
	at org.testng.SuiteRunner.runSequentially(SuiteRunner.java:450)
	at org.testng.SuiteRunner.privateRun(SuiteRunner.java:415)
	at org.testng.SuiteRunner.run(SuiteRunner.java:364)
	at org.testng.SuiteRunnerWorker.runSuite(SuiteRunnerWorker.java:52)
	at org.testng.SuiteRunnerWorker.run(SuiteRunnerWorker.java:84)
	at org.testng.TestNG.runSuitesSequentially(TestNG.java:1208)
	at org.testng.TestNG.runSuitesLocally(TestNG.java:1137)
	at org.testng.TestNG.runSuites(TestNG.java:1049)
	at org.testng.TestNG.run(TestNG.java:1017)
	at org.apache.maven.surefire.testng.TestNGExecutor.run(TestNGExecutor.java:284)
	at org.apache.maven.surefire.testng.TestNGXmlTestSuite.execute(TestNGXmlTestSuite.java:75)
	at org.apache.maven.surefire.testng.TestNGProvider.invoke(TestNGProvider.java:119)
	at org.apache.maven.surefire.booter.ForkedBooter.runSuitesInProcess(ForkedBooter.java:428)
	at org.apache.maven.surefire.booter.ForkedBooter.execute(ForkedBooter.java:162)
	at org.apache.maven.surefire.booter.ForkedBooter.run(ForkedBooter.java:562)
	at org.apache.maven.surefire.booter.ForkedBooter.main(ForkedBooter.java:548)
</pre></div></td>
<td>4</td>
<td>com.kroger.assortment.api.assortmentmgmtcore.GetAssortmentItemsPageable@2ddc8ecb</td></tr>
<tr>
<td title='com.kroger.assortment.api.assortmentmgmtcore.GetAssortmentItemsPageable.validateGetAmtItems_pageOffset_TC003()'><b>validateGetAmtItems_pageOffset_TC003</b><br>Test class: com.kroger.assortment.api.assortmentmgmtcore.GetAssortmentItemsPageable<br>Parameters: {Test Case=GetAssormentItems filter by pageable=true and page.offset= 0, paramPageSize=50, S.No=5, ExecutionFlag=Y, filterParam=0, StatusCode=200}</td>
<td><div><pre>java.lang.AssertionError:  [Error] Assortment Items according to offset 0 and page.size 50 were NOT correctly fetched expected [true] but found [false]
	at com.kroger.assortment.api.assortmentmgmtcore.GetAssortmentItemsPageable.validateGetAmtItems_pageOffset_TC003(GetAssortmentItemsPageable.java:158)
... Removed 30 stack frames</pre></div><a href='#' onClick='toggleBox("stack-trace292890110", this, "Click to show all stack frames", "Click to hide stack frames")'>Click to show all stack frames</a>
<div class='stack-trace' id='stack-trace292890110'><pre>java.lang.AssertionError:  [Error] Assortment Items according to offset 0 and page.size 50 were NOT correctly fetched expected [true] but found [false]
	at org.testng.Assert.fail(Assert.java:96)
	at org.testng.Assert.failNotEquals(Assert.java:776)
	at org.testng.Assert.assertTrue(Assert.java:44)
	at com.kroger.assortment.api.assortmentmgmtcore.GetAssortmentItemsPageable.validateGetAmtItems_pageOffset_TC003(GetAssortmentItemsPageable.java:158)
	at java.base/jdk.internal.reflect.DirectMethodHandleAccessor.invoke(DirectMethodHandleAccessor.java:104)
	at java.base/java.lang.reflect.Method.invoke(Method.java:577)
	at org.testng.internal.MethodInvocationHelper.invokeMethod(MethodInvocationHelper.java:124)
	at org.testng.internal.Invoker.invokeMethod(Invoker.java:580)
	at org.testng.internal.Invoker.invokeTestMethod(Invoker.java:716)
	at org.testng.internal.Invoker.invokeTestMethods(Invoker.java:988)
	at org.testng.internal.TestMethodWorker.invokeTestMethods(TestMethodWorker.java:125)
	at org.testng.internal.TestMethodWorker.run(TestMethodWorker.java:109)
	at org.testng.TestRunner.privateRun(TestRunner.java:648)
	at org.testng.TestRunner.run(TestRunner.java:505)
	at org.testng.SuiteRunner.runTest(SuiteRunner.java:455)
	at org.testng.SuiteRunner.runSequentially(SuiteRunner.java:450)
	at org.testng.SuiteRunner.privateRun(SuiteRunner.java:415)
	at org.testng.SuiteRunner.run(SuiteRunner.java:364)
	at org.testng.SuiteRunnerWorker.runSuite(SuiteRunnerWorker.java:52)
	at org.testng.SuiteRunnerWorker.run(SuiteRunnerWorker.java:84)
	at org.testng.TestNG.runSuitesSequentially(TestNG.java:1208)
	at org.testng.TestNG.runSuitesLocally(TestNG.java:1137)
	at org.testng.TestNG.runSuites(TestNG.java:1049)
	at org.testng.TestNG.run(TestNG.java:1017)
	at org.apache.maven.surefire.testng.TestNGExecutor.run(TestNGExecutor.java:284)
	at org.apache.maven.surefire.testng.TestNGXmlTestSuite.execute(TestNGXmlTestSuite.java:75)
	at org.apache.maven.surefire.testng.TestNGProvider.invoke(TestNGProvider.java:119)
	at org.apache.maven.surefire.booter.ForkedBooter.runSuitesInProcess(ForkedBooter.java:428)
	at org.apache.maven.surefire.booter.ForkedBooter.execute(ForkedBooter.java:162)
	at org.apache.maven.surefire.booter.ForkedBooter.run(ForkedBooter.java:562)
	at org.apache.maven.surefire.booter.ForkedBooter.main(ForkedBooter.java:548)
</pre></div></td>
<td>4</td>
<td>com.kroger.assortment.api.assortmentmgmtcore.GetAssortmentItemsPageable@2ddc8ecb</td></tr>
<tr>
<td title='com.kroger.assortment.api.assortmentmgmtcore.GetAssortmentItemsPageable.validateGetAmtItems_pageOffset_blankspaces_TC005()'><b>validateGetAmtItems_pageOffset_blankspaces_TC005</b><br>Test class: com.kroger.assortment.api.assortmentmgmtcore.GetAssortmentItemsPageable</td>
<td><div><pre>java.lang.AssertionError:  [Error] Assortment Items according to offset 0 and page.size 70 were NOT correctly fetched expected [true] but found [false]
	at com.kroger.assortment.api.assortmentmgmtcore.GetAssortmentItemsPageable.validateGetAmtItems_pageOffset_blankspaces_TC005(GetAssortmentItemsPageable.java:230)
... Removed 30 stack frames</pre></div><a href='#' onClick='toggleBox("stack-trace125549276", this, "Click to show all stack frames", "Click to hide stack frames")'>Click to show all stack frames</a>
<div class='stack-trace' id='stack-trace125549276'><pre>java.lang.AssertionError:  [Error] Assortment Items according to offset 0 and page.size 70 were NOT correctly fetched expected [true] but found [false]
	at org.testng.Assert.fail(Assert.java:96)
	at org.testng.Assert.failNotEquals(Assert.java:776)
	at org.testng.Assert.assertTrue(Assert.java:44)
	at com.kroger.assortment.api.assortmentmgmtcore.GetAssortmentItemsPageable.validateGetAmtItems_pageOffset_blankspaces_TC005(GetAssortmentItemsPageable.java:230)
	at java.base/jdk.internal.reflect.DirectMethodHandleAccessor.invoke(DirectMethodHandleAccessor.java:104)
	at java.base/java.lang.reflect.Method.invoke(Method.java:577)
	at org.testng.internal.MethodInvocationHelper.invokeMethod(MethodInvocationHelper.java:124)
	at org.testng.internal.Invoker.invokeMethod(Invoker.java:580)
	at org.testng.internal.Invoker.invokeTestMethod(Invoker.java:716)
	at org.testng.internal.Invoker.invokeTestMethods(Invoker.java:988)
	at org.testng.internal.TestMethodWorker.invokeTestMethods(TestMethodWorker.java:125)
	at org.testng.internal.TestMethodWorker.run(TestMethodWorker.java:109)
	at org.testng.TestRunner.privateRun(TestRunner.java:648)
	at org.testng.TestRunner.run(TestRunner.java:505)
	at org.testng.SuiteRunner.runTest(SuiteRunner.java:455)
	at org.testng.SuiteRunner.runSequentially(SuiteRunner.java:450)
	at org.testng.SuiteRunner.privateRun(SuiteRunner.java:415)
	at org.testng.SuiteRunner.run(SuiteRunner.java:364)
	at org.testng.SuiteRunnerWorker.runSuite(SuiteRunnerWorker.java:52)
	at org.testng.SuiteRunnerWorker.run(SuiteRunnerWorker.java:84)
	at org.testng.TestNG.runSuitesSequentially(TestNG.java:1208)
	at org.testng.TestNG.runSuitesLocally(TestNG.java:1137)
	at org.testng.TestNG.runSuites(TestNG.java:1049)
	at org.testng.TestNG.run(TestNG.java:1017)
	at org.apache.maven.surefire.testng.TestNGExecutor.run(TestNGExecutor.java:284)
	at org.apache.maven.surefire.testng.TestNGXmlTestSuite.execute(TestNGXmlTestSuite.java:75)
	at org.apache.maven.surefire.testng.TestNGProvider.invoke(TestNGProvider.java:119)
	at org.apache.maven.surefire.booter.ForkedBooter.runSuitesInProcess(ForkedBooter.java:428)
	at org.apache.maven.surefire.booter.ForkedBooter.execute(ForkedBooter.java:162)
	at org.apache.maven.surefire.booter.ForkedBooter.run(ForkedBooter.java:562)
	at org.apache.maven.surefire.booter.ForkedBooter.main(ForkedBooter.java:548)
</pre></div></td>
<td>4</td>
<td>com.kroger.assortment.api.assortmentmgmtcore.GetAssortmentItemsPageable@2ddc8ecb</td></tr>
<tr>
<td title='com.kroger.assortment.api.assortmentmgmtcore.GetAssortmentItemsPageable.validateGetAmtItems_pageOffset_empty_TC006()'><b>validateGetAmtItems_pageOffset_empty_TC006</b><br>Test class: com.kroger.assortment.api.assortmentmgmtcore.GetAssortmentItemsPageable</td>
<td><div><pre>java.lang.AssertionError:  [Error] Assortment Items according to offset 0 and page.size 60 were NOT correctly fetched expected [true] but found [false]
	at com.kroger.assortment.api.assortmentmgmtcore.GetAssortmentItemsPageable.validateGetAmtItems_pageOffset_empty_TC006(GetAssortmentItemsPageable.java:267)
... Removed 30 stack frames</pre></div><a href='#' onClick='toggleBox("stack-trace1378612814", this, "Click to show all stack frames", "Click to hide stack frames")'>Click to show all stack frames</a>
<div class='stack-trace' id='stack-trace1378612814'><pre>java.lang.AssertionError:  [Error] Assortment Items according to offset 0 and page.size 60 were NOT correctly fetched expected [true] but found [false]
	at org.testng.Assert.fail(Assert.java:96)
	at org.testng.Assert.failNotEquals(Assert.java:776)
	at org.testng.Assert.assertTrue(Assert.java:44)
	at com.kroger.assortment.api.assortmentmgmtcore.GetAssortmentItemsPageable.validateGetAmtItems_pageOffset_empty_TC006(GetAssortmentItemsPageable.java:267)
	at java.base/jdk.internal.reflect.DirectMethodHandleAccessor.invoke(DirectMethodHandleAccessor.java:104)
	at java.base/java.lang.reflect.Method.invoke(Method.java:577)
	at org.testng.internal.MethodInvocationHelper.invokeMethod(MethodInvocationHelper.java:124)
	at org.testng.internal.Invoker.invokeMethod(Invoker.java:580)
	at org.testng.internal.Invoker.invokeTestMethod(Invoker.java:716)
	at org.testng.internal.Invoker.invokeTestMethods(Invoker.java:988)
	at org.testng.internal.TestMethodWorker.invokeTestMethods(TestMethodWorker.java:125)
	at org.testng.internal.TestMethodWorker.run(TestMethodWorker.java:109)
	at org.testng.TestRunner.privateRun(TestRunner.java:648)
	at org.testng.TestRunner.run(TestRunner.java:505)
	at org.testng.SuiteRunner.runTest(SuiteRunner.java:455)
	at org.testng.SuiteRunner.runSequentially(SuiteRunner.java:450)
	at org.testng.SuiteRunner.privateRun(SuiteRunner.java:415)
	at org.testng.SuiteRunner.run(SuiteRunner.java:364)
	at org.testng.SuiteRunnerWorker.runSuite(SuiteRunnerWorker.java:52)
	at org.testng.SuiteRunnerWorker.run(SuiteRunnerWorker.java:84)
	at org.testng.TestNG.runSuitesSequentially(TestNG.java:1208)
	at org.testng.TestNG.runSuitesLocally(TestNG.java:1137)
	at org.testng.TestNG.runSuites(TestNG.java:1049)
	at org.testng.TestNG.run(TestNG.java:1017)
	at org.apache.maven.surefire.testng.TestNGExecutor.run(TestNGExecutor.java:284)
	at org.apache.maven.surefire.testng.TestNGXmlTestSuite.execute(TestNGXmlTestSuite.java:75)
	at org.apache.maven.surefire.testng.TestNGProvider.invoke(TestNGProvider.java:119)
	at org.apache.maven.surefire.booter.ForkedBooter.runSuitesInProcess(ForkedBooter.java:428)
	at org.apache.maven.surefire.booter.ForkedBooter.execute(ForkedBooter.java:162)
	at org.apache.maven.surefire.booter.ForkedBooter.run(ForkedBooter.java:562)
	at org.apache.maven.surefire.booter.ForkedBooter.main(ForkedBooter.java:548)
</pre></div></td>
<td>4</td>
<td>com.kroger.assortment.api.assortmentmgmtcore.GetAssortmentItemsPageable@2ddc8ecb</td></tr>
<tr>
<td title='com.kroger.assortment.api.assortmentmgmtcore.GetAssortmentItemsPageable.validateGetAmtItems_pageable_TC001()'><b>validateGetAmtItems_pageable_TC001</b><br>Test class: com.kroger.assortment.api.assortmentmgmtcore.GetAssortmentItemsPageable<br>Parameters: {Test Case=GET Assortment Items Pageable = false, S.No=2, ExecutionFlag=Y, filterParam=false, StatusCode=200}</td>
<td><div><pre>java.lang.AssertionError: 1 expectation failed.
Expected content-type &quot;JSON&quot; doesn&apos;t match actual content-type &quot;text/html&quot;.

	at org.codehaus.groovy.runtime.callsite.ConstructorSite$ConstructorSiteNoUnwrapNoCoerce.callConstructor(ConstructorSite.java:105)
	at org.codehaus.groovy.runtime.callsite.CallSiteArray.defaultCallConstructor(CallSiteArray.java:59)
	at org.codehaus.groovy.runtime.callsite.AbstractCallSite.callConstructor(AbstractCallSite.java:263)
	at org.codehaus.groovy.runtime.callsite.AbstractCallSite.callConstructor(AbstractCallSite.java:277)
	at io.restassured.internal.ResponseSpecificationImpl$HamcrestAssertionClosure.validate(ResponseSpecificationImpl.groovy:493)
	at io.restassured.internal.ResponseSpecificationImpl$HamcrestAssertionClosure$validate$1.call(Unknown Source)
	at io.restassured.internal.ResponseSpecificationImpl.validateResponseIfRequired(ResponseSpecificationImpl.groovy:674)
	at org.codehaus.groovy.runtime.callsite.PlainObjectMetaMethodSite.doInvoke(PlainObjectMetaMethodSite.java:43)
	at org.codehaus.groovy.runtime.callsite.PogoMetaMethodSite$PogoCachedMethodSiteNoUnwrapNoCoerce.invoke(PogoMetaMethodSite.java:193)
	at org.codehaus.groovy.runtime.callsite.PogoMetaMethodSite.callCurrent(PogoMetaMethodSite.java:61)
	at org.codehaus.groovy.runtime.callsite.AbstractCallSite.callCurrent(AbstractCallSite.java:185)
	at io.restassured.internal.ResponseSpecificationImpl.contentType(ResponseSpecificationImpl.groovy:421)
	at io.restassured.internal.ValidatableResponseOptionsImpl.contentType(ValidatableResponseOptionsImpl.java:220)
	at io.restassured.internal.ValidatableResponseImpl.super$2$contentType(ValidatableResponseImpl.groovy)
	at groovy.lang.MetaMethod.doMethodInvoke(MetaMethod.java:323)
	at groovy.lang.MetaClassImpl.invokeMethod(MetaClassImpl.java:1268)
	at org.codehaus.groovy.runtime.ScriptBytecodeAdapter.invokeMethodOnSuperN(ScriptBytecodeAdapter.java:144)
	at io.restassured.internal.ValidatableResponseImpl.contentType(ValidatableResponseImpl.groovy:278)
	at io.restassured.internal.ValidatableResponseImpl.contentType(ValidatableResponseImpl.groovy)
	at com.kroger.assortment.api.assortmentmgmtcore.GetAssortmentItemsPageable.validateGetAmtItems_pageable_TC001(GetAssortmentItemsPageable.java:69)
... Removed 36 stack frames</pre></div><a href='#' onClick='toggleBox("stack-trace452817647", this, "Click to show all stack frames", "Click to hide stack frames")'>Click to show all stack frames</a>
<div class='stack-trace' id='stack-trace452817647'><pre>java.lang.AssertionError: 1 expectation failed.
Expected content-type &quot;JSON&quot; doesn&apos;t match actual content-type &quot;text/html&quot;.

	at java.base/jdk.internal.reflect.DirectConstructorHandleAccessor.newInstance(DirectConstructorHandleAccessor.java:67)
	at java.base/java.lang.reflect.Constructor.newInstanceWithCaller(Constructor.java:499)
	at java.base/java.lang.reflect.Constructor.newInstance(Constructor.java:483)
	at org.codehaus.groovy.reflection.CachedConstructor.invoke(CachedConstructor.java:72)
	at org.codehaus.groovy.runtime.callsite.ConstructorSite$ConstructorSiteNoUnwrapNoCoerce.callConstructor(ConstructorSite.java:105)
	at org.codehaus.groovy.runtime.callsite.CallSiteArray.defaultCallConstructor(CallSiteArray.java:59)
	at org.codehaus.groovy.runtime.callsite.AbstractCallSite.callConstructor(AbstractCallSite.java:263)
	at org.codehaus.groovy.runtime.callsite.AbstractCallSite.callConstructor(AbstractCallSite.java:277)
	at io.restassured.internal.ResponseSpecificationImpl$HamcrestAssertionClosure.validate(ResponseSpecificationImpl.groovy:493)
	at io.restassured.internal.ResponseSpecificationImpl$HamcrestAssertionClosure$validate$1.call(Unknown Source)
	at io.restassured.internal.ResponseSpecificationImpl.validateResponseIfRequired(ResponseSpecificationImpl.groovy:674)
	at java.base/jdk.internal.reflect.DirectMethodHandleAccessor.invoke(DirectMethodHandleAccessor.java:104)
	at java.base/java.lang.reflect.Method.invoke(Method.java:577)
	at org.codehaus.groovy.runtime.callsite.PlainObjectMetaMethodSite.doInvoke(PlainObjectMetaMethodSite.java:43)
	at org.codehaus.groovy.runtime.callsite.PogoMetaMethodSite$PogoCachedMethodSiteNoUnwrapNoCoerce.invoke(PogoMetaMethodSite.java:193)
	at org.codehaus.groovy.runtime.callsite.PogoMetaMethodSite.callCurrent(PogoMetaMethodSite.java:61)
	at org.codehaus.groovy.runtime.callsite.AbstractCallSite.callCurrent(AbstractCallSite.java:185)
	at io.restassured.internal.ResponseSpecificationImpl.contentType(ResponseSpecificationImpl.groovy:421)
	at io.restassured.internal.ValidatableResponseOptionsImpl.contentType(ValidatableResponseOptionsImpl.java:220)
	at io.restassured.internal.ValidatableResponseImpl.super$2$contentType(ValidatableResponseImpl.groovy)
	at java.base/jdk.internal.reflect.DirectMethodHandleAccessor.invoke(DirectMethodHandleAccessor.java:104)
	at java.base/java.lang.reflect.Method.invoke(Method.java:577)
	at org.codehaus.groovy.reflection.CachedMethod.invoke(CachedMethod.java:107)
	at groovy.lang.MetaMethod.doMethodInvoke(MetaMethod.java:323)
	at groovy.lang.MetaClassImpl.invokeMethod(MetaClassImpl.java:1268)
	at org.codehaus.groovy.runtime.ScriptBytecodeAdapter.invokeMethodOnSuperN(ScriptBytecodeAdapter.java:144)
	at io.restassured.internal.ValidatableResponseImpl.contentType(ValidatableResponseImpl.groovy:278)
	at io.restassured.internal.ValidatableResponseImpl.contentType(ValidatableResponseImpl.groovy)
	at com.kroger.assortment.api.assortmentmgmtcore.GetAssortmentItemsPageable.validateGetAmtItems_pageable_TC001(GetAssortmentItemsPageable.java:69)
	at java.base/jdk.internal.reflect.DirectMethodHandleAccessor.invoke(DirectMethodHandleAccessor.java:104)
	at java.base/java.lang.reflect.Method.invoke(Method.java:577)
	at org.testng.internal.MethodInvocationHelper.invokeMethod(MethodInvocationHelper.java:124)
	at org.testng.internal.Invoker.invokeMethod(Invoker.java:580)
	at org.testng.internal.Invoker.invokeTestMethod(Invoker.java:716)
	at org.testng.internal.Invoker.invokeTestMethods(Invoker.java:988)
	at org.testng.internal.TestMethodWorker.invokeTestMethods(TestMethodWorker.java:125)
	at org.testng.internal.TestMethodWorker.run(TestMethodWorker.java:109)
	at org.testng.TestRunner.privateRun(TestRunner.java:648)
	at org.testng.TestRunner.run(TestRunner.java:505)
	at org.testng.SuiteRunner.runTest(SuiteRunner.java:455)
	at org.testng.SuiteRunner.runSequentially(SuiteRunner.java:450)
	at org.testng.SuiteRunner.privateRun(SuiteRunner.java:415)
	at org.testng.SuiteRunner.run(SuiteRunner.java:364)
	at org.testng.SuiteRunnerWorker.runSuite(SuiteRunnerWorker.java:52)
	at org.testng.SuiteRunnerWorker.run(SuiteRunnerWorker.java:84)
	at org.testng.TestNG.runSuitesSequentially(TestNG.java:1208)
	at org.testng.TestNG.runSuitesLocally(TestNG.java:1137)
	at org.testng.TestNG.runSuites(TestNG.java:1049)
	at org.testng.TestNG.run(TestNG.java:1017)
	at org.apache.maven.surefire.testng.TestNGExecutor.run(TestNGExecutor.java:284)
	at org.apache.maven.surefire.testng.TestNGXmlTestSuite.execute(TestNGXmlTestSuite.java:75)
	at org.apache.maven.surefire.testng.TestNGProvider.invoke(TestNGProvider.java:119)
	at org.apache.maven.surefire.booter.ForkedBooter.runSuitesInProcess(ForkedBooter.java:428)
	at org.apache.maven.surefire.booter.ForkedBooter.execute(ForkedBooter.java:162)
	at org.apache.maven.surefire.booter.ForkedBooter.run(ForkedBooter.java:562)
	at org.apache.maven.surefire.booter.ForkedBooter.main(ForkedBooter.java:548)
</pre></div></td>
<td>181</td>
<td>com.kroger.assortment.api.assortmentmgmtcore.GetAssortmentItemsPageable@2ddc8ecb</td></tr>
</table><p>
<table width='100%' border='1' class='invocation-passed'>
<tr><td colspan='4' align='center'><b>PASSED TESTS</b></td></tr>
<tr><td><b>Test method</b></td>
<td width="30%"><b>Exception</b></td>
<td width="10%"><b>Time (seconds)</b></td>
<td><b>Instance</b></td>
</tr>
<tr>
<td title='com.kroger.assortment.api.assortmentmgmtcore.GetAssortmentItemsPageable.validateGetAmtItems_pageOffset_negativeNumber_TC004()'><b>validateGetAmtItems_pageOffset_negativeNumber_TC004</b><br>Test class: com.kroger.assortment.api.assortmentmgmtcore.GetAssortmentItemsPageable</td>
<td></td>
<td>1</td>
<td>com.kroger.assortment.api.assortmentmgmtcore.GetAssortmentItemsPageable@2ddc8ecb</td></tr>
<tr>
<td title='com.kroger.assortment.api.assortmentmgmtcore.GetAssortmentItemsPageable.validateGetAmtItems_pageSize_TC002()'><b>validateGetAmtItems_pageSize_TC002</b><br>Test class: com.kroger.assortment.api.assortmentmgmtcore.GetAssortmentItemsPageable<br>Parameters: {Expected=30, Test Case=GetAssortmentItems Pageable = true and page.size=30, S.No=1, ExecutionFlag=Y, filterParam=30, StatusCode=200}</td>
<td></td>
<td>1</td>
<td>com.kroger.assortment.api.assortmentmgmtcore.GetAssortmentItemsPageable@2ddc8ecb</td></tr>
<tr>
<td title='com.kroger.assortment.api.assortmentmgmtcore.GetAssortmentItemsPageable.validateGetAmtItems_pageSize_TC002()'><b>validateGetAmtItems_pageSize_TC002</b><br>Test class: com.kroger.assortment.api.assortmentmgmtcore.GetAssortmentItemsPageable<br>Parameters: {Expected=50, Test Case=GetAssortmentItems Pageable = true and page.size=50, S.No=2, ExecutionFlag=Y, filterParam=50, StatusCode=200}</td>
<td></td>
<td>2</td>
<td>com.kroger.assortment.api.assortmentmgmtcore.GetAssortmentItemsPageable@2ddc8ecb</td></tr>
<tr>
<td title='com.kroger.assortment.api.assortmentmgmtcore.GetAssortmentItemsPageable.validateGetAmtItems_pageSize_TC002()'><b>validateGetAmtItems_pageSize_TC002</b><br>Test class: com.kroger.assortment.api.assortmentmgmtcore.GetAssortmentItemsPageable<br>Parameters: {Expected=20, Test Case=GetAssortmentItems Pageable = true and page.size=empty, S.No=3, ExecutionFlag=Y, filterParam=null, StatusCode=200}</td>
<td></td>
<td>1</td>
<td>com.kroger.assortment.api.assortmentmgmtcore.GetAssortmentItemsPageable@2ddc8ecb</td></tr>
<tr>
<td title='com.kroger.assortment.api.assortmentmgmtcore.GetAssortmentItemsPageable.validateGetAmtItems_pageSize_TC002()'><b>validateGetAmtItems_pageSize_TC002</b><br>Test class: com.kroger.assortment.api.assortmentmgmtcore.GetAssortmentItemsPageable<br>Parameters: {Expected=20, Test Case=GetAssortmentItems Pageable = true and page.size=blank, S.No=4, ExecutionFlag=y, filterParam= , StatusCode=200}</td>
<td></td>
<td>1</td>
<td>com.kroger.assortment.api.assortmentmgmtcore.GetAssortmentItemsPageable@2ddc8ecb</td></tr>
<tr>
<td title='com.kroger.assortment.api.assortmentmgmtcore.GetAssortmentItemsPageable.validateGetAmtItems_pageSize_TC002()'><b>validateGetAmtItems_pageSize_TC002</b><br>Test class: com.kroger.assortment.api.assortmentmgmtcore.GetAssortmentItemsPageable<br>Parameters: {Expected=[assortment items were not found during search], Test Case=GetAssortmentItems Pageable = true and page.size=0, S.No=5, ExecutionFlag=y, filterParam=0, StatusCode=404}</td>
<td></td>
<td>1</td>
<td>com.kroger.assortment.api.assortmentmgmtcore.GetAssortmentItemsPageable@2ddc8ecb</td></tr>
<tr>
<td title='com.kroger.assortment.api.assortmentmgmtcore.GetAssortmentItemsPageable.validateGetAmtItems_pageable_TC001()'><b>validateGetAmtItems_pageable_TC001</b><br>Test class: com.kroger.assortment.api.assortmentmgmtcore.GetAssortmentItemsPageable<br>Parameters: {Test Case=GET Assortment Items Pageable by default true, S.No=1, ExecutionFlag=Y, filterParam=, StatusCode=200}</td>
<td></td>
<td>1</td>
<td>com.kroger.assortment.api.assortmentmgmtcore.GetAssortmentItemsPageable@2ddc8ecb</td></tr>
<tr>
<td title='com.kroger.assortment.api.assortmentmgmtcore.GetAssortmentItemsPageable.validateGetAmtItems_pageable_TC001()'><b>validateGetAmtItems_pageable_TC001</b><br>Test class: com.kroger.assortment.api.assortmentmgmtcore.GetAssortmentItemsPageable<br>Parameters: {Test Case=GET Assortment Items Pageable = true, S.No=3, ExecutionFlag=Y, filterParam=true, StatusCode=200}</td>
<td></td>
<td>1</td>
<td>com.kroger.assortment.api.assortmentmgmtcore.GetAssortmentItemsPageable@2ddc8ecb</td></tr>
</table><p>
</body>
</html>